<?xml version="1.0" encoding="UTF-8"?>
<!-- Generated by org.testng.reporters.JUnitXMLReporter -->
<testsuite hostname="YOGI" name="Default test" tests="3" failures="0" timestamp="18 Jun 2018 04:25:23 GMT" time="67.086" errors="0">
  <testcase name="@BeforeClass precondition" time="0.0" classname="in.eassignments_Test.TestEmployer_Post_Requirement_Exe">
    <failure type="org.openqa.selenium.WebDriverException" message="Failed to connect to binary FirefoxBinary(C:\Program Files (x86)\Mozilla Firefox\firefox.exe) on port 7055; process output follows: 
l,&amp;quot;updateURL&amp;quot;:null,&amp;quot;updateKey&amp;quot;:null,&amp;quot;optionsURL&amp;quot;:null,&amp;quot;optionsType&amp;quot;:null,&amp;quot;aboutURL&amp;quot;:null,&amp;quot;iconURL&amp;quot;:null,&amp;quot;icon64URL&amp;quot;:null,&amp;quot;defaultLocale&amp;quot;:{&amp;quot;name&amp;quot;:&amp;quot;Firefox WebDriver&amp;quot;,&amp;quot;description&amp;quot;:&amp;quot;WebDriver implementation for Firefox&amp;quot;,&amp;quot;creator&amp;quot;:&amp;quot;Simon Stewart&amp;quot;,&amp;quot;homepageURL&amp;quot;:null},&amp;quot;visible&amp;quot;:true,&amp;quot;active&amp;quot;:true,&amp;quot;userDisabled&amp;quot;:false,&amp;quot;appDisabled&amp;quot;:false,&amp;quot;descriptor&amp;quot;:&amp;quot;C:\\Users\\Yogiii\\AppData\\Local\\Temp\\anonymous8788165735359011469webdriver-profile\\extensions\\fxdriver@googlecode.com&amp;quot;,&amp;quot;installDate&amp;quot;:1529295872130,&amp;quot;updateDate&amp;quot;:1529295872130,&amp;quot;applyBackgroundUpdates&amp;quot;:1,&amp;quot;bootstrap&amp;quot;:false,&amp;quot;size&amp;quot;:3249525,&amp;quot;sourceURI&amp;quot;:null,&amp;quot;releaseNotesURI&amp;quot;:null,&amp;quot;softDisabled&amp;quot;:false,&amp;quot;foreignInstall&amp;quot;:true,&amp;quot;hasBinaryComponents&amp;quot;:true,&amp;quot;strictCompatibility&amp;quot;:false,&amp;quot;locales&amp;quot;:[],&amp;quot;targetApplications&amp;quot;:[{&amp;quot;id&amp;quot;:&amp;quot;{ec8030f7-c20a-464f-9b0e-13a3a9e97384}&amp;quot;,&amp;quot;minVersion&amp;quot;:&amp;quot;3.0&amp;quot;,&amp;quot;maxVersion&amp;quot;:&amp;quot;48.0&amp;quot;}],&amp;quot;targetPlatforms&amp;quot;:[{&amp;quot;os&amp;quot;:&amp;quot;Darwin&amp;quot;,&amp;quot;abi&amp;quot;:null},{&amp;quot;os&amp;quot;:&amp;quot;SunOS&amp;quot;,&amp;quot;abi&amp;quot;:null},{&amp;quot;os&amp;quot;:&amp;quot;FreeBSD&amp;quot;,&amp;quot;abi&amp;quot;:null},{&amp;quot;os&amp;quot;:&amp;quot;OpenBSD&amp;quot;,&amp;quot;abi&amp;quot;:null},{&amp;quot;os&amp;quot;:&amp;quot;WINNT&amp;quot;,&amp;quot;abi&amp;quot;:null},{&amp;quot;os&amp;quot;:&amp;quot;Linux&amp;quot;,&amp;quot;abi&amp;quot;:null}],&amp;quot;multiprocessCompatible&amp;quot;:false,&amp;quot;signedState&amp;quot;:0}
1529295883042	addons.xpi	DEBUG	getModTime: Recursive scan of fxdriver@googlecode.com
1529295883057	addons.xpi	DEBUG	Updating XPIState for {&amp;quot;id&amp;quot;:&amp;quot;{972ce4c6-7e08-4474-a285-3208198ce6fd}&amp;quot;,&amp;quot;syncGUID&amp;quot;:&amp;quot;CiJkWQ69nC1W&amp;quot;,&amp;quot;location&amp;quot;:&amp;quot;app-global&amp;quot;,&amp;quot;version&amp;quot;:&amp;quot;43.0.1&amp;quot;,&amp;quot;type&amp;quot;:&amp;quot;theme&amp;quot;,&amp;quot;internalName&amp;quot;:&amp;quot;classic/1.0&amp;quot;,&amp;quot;updateURL&amp;quot;:null,&amp;quot;updateKey&amp;quot;:null,&amp;quot;optionsURL&amp;quot;:null,&amp;quot;optionsType&amp;quot;:null,&amp;quot;aboutURL&amp;quot;:null,&amp;quot;iconURL&amp;quot;:null,&amp;quot;icon64URL&amp;quot;:null,&amp;quot;defaultLocale&amp;quot;:{&amp;quot;name&amp;quot;:&amp;quot;Default&amp;quot;,&amp;quot;description&amp;quot;:&amp;quot;The default theme.&amp;quot;,&amp;quot;creator&amp;quot;:&amp;quot;Mozilla&amp;quot;,&amp;quot;homepageURL&amp;quot;:null,&amp;quot;contributors&amp;quot;:[&amp;quot;Mozilla Contributors&amp;quot;]},&amp;quot;visible&amp;quot;:true,&amp;quot;active&amp;quot;:true,&amp;quot;userDisabled&amp;quot;:false,&amp;quot;appDisabled&amp;quot;:false,&amp;quot;descriptor&amp;quot;:&amp;quot;C:\\Program Files (x86)\\Mozilla Firefox\\browser\\extensions\\{972ce4c6-7e08-4474-a285-3208198ce6fd}&amp;quot;,&amp;quot;installDate&amp;quot;:1528865630939,&amp;quot;updateDate&amp;quot;:1528865630939,&amp;quot;applyBackgroundUpdates&amp;quot;:1,&amp;quot;skinnable&amp;quot;:true,&amp;quot;size&amp;quot;:24172,&amp;quot;sourceURI&amp;quot;:null,&amp;quot;releaseNotesURI&amp;quot;:null,&amp;quot;softDisabled&amp;quot;:false,&amp;quot;foreignInstall&amp;quot;:false,&amp;quot;hasBinaryComponents&amp;quot;:false,&amp;quot;strictCompatibility&amp;quot;:true,&amp;quot;locales&amp;quot;:[],&amp;quot;targetApplications&amp;quot;:[{&amp;quot;id&amp;quot;:&amp;quot;{ec8030f7-c20a-464f-9b0e-13a3a9e97384}&amp;quot;,&amp;quot;minVersion&amp;quot;:&amp;quot;43.0.1&amp;quot;,&amp;quot;maxVersion&amp;quot;:&amp;quot;43.0.1&amp;quot;}],&amp;quot;targetPlatforms&amp;quot;:[]}
1529295883058	addons.xpi	DEBUG	getModTime: Recursive scan of {972ce4c6-7e08-4474-a285-3208198ce6fd}
1529295883068	DeferredSave.extensions.json	DEBUG	Save changes
1529295883068	addons.xpi	DEBUG	Updating database with changes to installed add-ons
1529295883069	addons.xpi-utils	DEBUG	Updating add-on states
1529295883072	addons.xpi-utils	DEBUG	Writing add-ons list
1529295883123	addons.manager	DEBUG	Registering shutdown blocker for XPIProvider
1529295883124	addons.manager	DEBUG	Provider finished startup: XPIProvider
1529295883124	addons.manager	DEBUG	Starting provider: LightweightThemeManager
1529295883125	addons.manager	DEBUG	Registering shutdown blocker for LightweightThemeManager
1529295883126	addons.manager	DEBUG	Provider finished startup: LightweightThemeManager
1529295883128	addons.manager	DEBUG	Starting provider: GMPProvider
1529295883162	addons.manager	DEBUG	Registering shutdown blocker for GMPProvider
1529295883164	addons.manager	DEBUG	Provider finished startup: GMPProvider
1529295883164	addons.manager	DEBUG	Starting provider: PluginProvider
1529295883165	addons.manager	DEBUG	Registering shutdown blocker for PluginProvider
1529295883166	addons.manager	DEBUG	Provider finished startup: PluginProvider
1529295883167	addons.manager	DEBUG	Completed startup sequence
Crash Annotation GraphicsCriticalError: |[0][GFX1-]: Unexpected Intel/AMD dual-GPU setup[GFX1-]: Unexpected Intel/AMD dual-GPU setup
Crash Annotation GraphicsCriticalError: |[0][GFX1-]: Unexpected Intel/AMD dual-GPU setup|[1][GFX1-]: Unexpected Intel/AMD dual-GPU setup[GFX1-]: Unexpected Intel/AMD dual-GPU setup
1529295915562	addons.manager	DEBUG	Starting provider: &amp;lt;unnamed-provider&amp;gt;
1529295915562	addons.manager	DEBUG	Registering shutdown blocker for &amp;lt;unnamed-provider&amp;gt;
1529295915563	addons.manager	DEBUG	Provider finished startup: &amp;lt;unnamed-provider&amp;gt;

Build info: version: &amp;apos;2.53.1&amp;apos;, revision: &amp;apos;a36b8b1&amp;apos;, time: &amp;apos;2016-06-30 17:37:03&amp;apos;
System info: host: &amp;apos;YOGI&amp;apos;, ip: &amp;apos;192.168.229.1&amp;apos;, os.name: &amp;apos;Windows 8.1&amp;apos;, os.arch: &amp;apos;amd64&amp;apos;, os.version: &amp;apos;6.3&amp;apos;, java.version: &amp;apos;1.8.0_152&amp;apos;
Driver info: driver.version: FirefoxDriver">
      <![CDATA[org.openqa.selenium.WebDriverException: Failed to connect to binary FirefoxBinary(C:\Program Files (x86)\Mozilla Firefox\firefox.exe) on port 7055; process output follows: 
l,"updateURL":null,"updateKey":null,"optionsURL":null,"optionsType":null,"aboutURL":null,"iconURL":null,"icon64URL":null,"defaultLocale":{"name":"Firefox WebDriver","description":"WebDriver implementation for Firefox","creator":"Simon Stewart","homepageURL":null},"visible":true,"active":true,"userDisabled":false,"appDisabled":false,"descriptor":"C:\\Users\\Yogiii\\AppData\\Local\\Temp\\anonymous8788165735359011469webdriver-profile\\extensions\\fxdriver@googlecode.com","installDate":1529295872130,"updateDate":1529295872130,"applyBackgroundUpdates":1,"bootstrap":false,"size":3249525,"sourceURI":null,"releaseNotesURI":null,"softDisabled":false,"foreignInstall":true,"hasBinaryComponents":true,"strictCompatibility":false,"locales":[],"targetApplications":[{"id":"{ec8030f7-c20a-464f-9b0e-13a3a9e97384}","minVersion":"3.0","maxVersion":"48.0"}],"targetPlatforms":[{"os":"Darwin","abi":null},{"os":"SunOS","abi":null},{"os":"FreeBSD","abi":null},{"os":"OpenBSD","abi":null},{"os":"WINNT","abi":null},{"os":"Linux","abi":null}],"multiprocessCompatible":false,"signedState":0}
1529295883042	addons.xpi	DEBUG	getModTime: Recursive scan of fxdriver@googlecode.com
1529295883057	addons.xpi	DEBUG	Updating XPIState for {"id":"{972ce4c6-7e08-4474-a285-3208198ce6fd}","syncGUID":"CiJkWQ69nC1W","location":"app-global","version":"43.0.1","type":"theme","internalName":"classic/1.0","updateURL":null,"updateKey":null,"optionsURL":null,"optionsType":null,"aboutURL":null,"iconURL":null,"icon64URL":null,"defaultLocale":{"name":"Default","description":"The default theme.","creator":"Mozilla","homepageURL":null,"contributors":["Mozilla Contributors"]},"visible":true,"active":true,"userDisabled":false,"appDisabled":false,"descriptor":"C:\\Program Files (x86)\\Mozilla Firefox\\browser\\extensions\\{972ce4c6-7e08-4474-a285-3208198ce6fd}","installDate":1528865630939,"updateDate":1528865630939,"applyBackgroundUpdates":1,"skinnable":true,"size":24172,"sourceURI":null,"releaseNotesURI":null,"softDisabled":false,"foreignInstall":false,"hasBinaryComponents":false,"strictCompatibility":true,"locales":[],"targetApplications":[{"id":"{ec8030f7-c20a-464f-9b0e-13a3a9e97384}","minVersion":"43.0.1","maxVersion":"43.0.1"}],"targetPlatforms":[]}
1529295883058	addons.xpi	DEBUG	getModTime: Recursive scan of {972ce4c6-7e08-4474-a285-3208198ce6fd}
1529295883068	DeferredSave.extensions.json	DEBUG	Save changes
1529295883068	addons.xpi	DEBUG	Updating database with changes to installed add-ons
1529295883069	addons.xpi-utils	DEBUG	Updating add-on states
1529295883072	addons.xpi-utils	DEBUG	Writing add-ons list
1529295883123	addons.manager	DEBUG	Registering shutdown blocker for XPIProvider
1529295883124	addons.manager	DEBUG	Provider finished startup: XPIProvider
1529295883124	addons.manager	DEBUG	Starting provider: LightweightThemeManager
1529295883125	addons.manager	DEBUG	Registering shutdown blocker for LightweightThemeManager
1529295883126	addons.manager	DEBUG	Provider finished startup: LightweightThemeManager
1529295883128	addons.manager	DEBUG	Starting provider: GMPProvider
1529295883162	addons.manager	DEBUG	Registering shutdown blocker for GMPProvider
1529295883164	addons.manager	DEBUG	Provider finished startup: GMPProvider
1529295883164	addons.manager	DEBUG	Starting provider: PluginProvider
1529295883165	addons.manager	DEBUG	Registering shutdown blocker for PluginProvider
1529295883166	addons.manager	DEBUG	Provider finished startup: PluginProvider
1529295883167	addons.manager	DEBUG	Completed startup sequence
Crash Annotation GraphicsCriticalError: |[0][GFX1-]: Unexpected Intel/AMD dual-GPU setup[GFX1-]: Unexpected Intel/AMD dual-GPU setup
Crash Annotation GraphicsCriticalError: |[0][GFX1-]: Unexpected Intel/AMD dual-GPU setup|[1][GFX1-]: Unexpected Intel/AMD dual-GPU setup[GFX1-]: Unexpected Intel/AMD dual-GPU setup
1529295915562	addons.manager	DEBUG	Starting provider: <unnamed-provider>
1529295915562	addons.manager	DEBUG	Registering shutdown blocker for <unnamed-provider>
1529295915563	addons.manager	DEBUG	Provider finished startup: <unnamed-provider>

Build info: version: '2.53.1', revision: 'a36b8b1', time: '2016-06-30 17:37:03'
System info: host: 'YOGI', ip: '192.168.229.1', os.name: 'Windows 8.1', os.arch: 'amd64', os.version: '6.3', java.version: '1.8.0_152'
Driver info: driver.version: FirefoxDriver
	at org.openqa.selenium.firefox.internal.NewProfileExtensionConnection.start(NewProfileExtensionConnection.java:124)
	at org.openqa.selenium.firefox.FirefoxDriver.startClient(FirefoxDriver.java:271)
	at org.openqa.selenium.remote.RemoteWebDriver.<init>(RemoteWebDriver.java:119)
	at org.openqa.selenium.firefox.FirefoxDriver.<init>(FirefoxDriver.java:218)
	at org.openqa.selenium.firefox.FirefoxDriver.<init>(FirefoxDriver.java:211)
	at org.openqa.selenium.firefox.FirefoxDriver.<init>(FirefoxDriver.java:207)
	at org.openqa.selenium.firefox.FirefoxDriver.<init>(FirefoxDriver.java:120)
	at in.eassignments_Test.SuperTestNG.precondition(SuperTestNG.java:23)
	at sun.reflect.NativeMethodAccessorImpl.invoke0(Native Method)
	at sun.reflect.NativeMethodAccessorImpl.invoke(Unknown Source)
	at sun.reflect.DelegatingMethodAccessorImpl.invoke(Unknown Source)
	at java.lang.reflect.Method.invoke(Unknown Source)
	at org.testng.internal.MethodInvocationHelper.invokeMethod(MethodInvocationHelper.java:85)
	at org.testng.internal.Invoker.invokeConfigurationMethod(Invoker.java:510)
	at org.testng.internal.Invoker.invokeConfigurations(Invoker.java:211)
	at org.testng.internal.Invoker.invokeConfigurations(Invoker.java:138)
	at org.testng.internal.TestMethodWorker.invokeBeforeClassMethods(TestMethodWorker.java:170)
	at org.testng.internal.TestMethodWorker.run(TestMethodWorker.java:104)
	at org.testng.TestRunner.privateRun(TestRunner.java:774)
	at org.testng.TestRunner.run(TestRunner.java:624)
	at org.testng.SuiteRunner.runTest(SuiteRunner.java:359)
	at org.testng.SuiteRunner.runSequentially(SuiteRunner.java:354)
	at org.testng.SuiteRunner.privateRun(SuiteRunner.java:312)
	at org.testng.SuiteRunner.run(SuiteRunner.java:261)
	at org.testng.SuiteRunnerWorker.runSuite(SuiteRunnerWorker.java:52)
	at org.testng.SuiteRunnerWorker.run(SuiteRunnerWorker.java:86)
	at org.testng.TestNG.runSuitesSequentially(TestNG.java:1215)
	at org.testng.TestNG.runSuitesLocally(TestNG.java:1140)
	at org.testng.TestNG.run(TestNG.java:1048)
	at org.testng.remote.AbstractRemoteTestNG.run(AbstractRemoteTestNG.java:114)
	at org.testng.remote.RemoteTestNG.initAndRun(RemoteTestNG.java:251)
	at org.testng.remote.RemoteTestNG.main(RemoteTestNG.java:77)
Caused by: org.openqa.selenium.firefox.NotConnectedException: Unable to connect to host 127.0.0.1 on port 7055 after 45000 ms. Firefox console output:
l,"updateURL":null,"updateKey":null,"optionsURL":null,"optionsType":null,"aboutURL":null,"iconURL":null,"icon64URL":null,"defaultLocale":{"name":"Firefox WebDriver","description":"WebDriver implementation for Firefox","creator":"Simon Stewart","homepageURL":null},"visible":true,"active":true,"userDisabled":false,"appDisabled":false,"descriptor":"C:\\Users\\Yogiii\\AppData\\Local\\Temp\\anonymous8788165735359011469webdriver-profile\\extensions\\fxdriver@googlecode.com","installDate":1529295872130,"updateDate":1529295872130,"applyBackgroundUpdates":1,"bootstrap":false,"size":3249525,"sourceURI":null,"releaseNotesURI":null,"softDisabled":false,"foreignInstall":true,"hasBinaryComponents":true,"strictCompatibility":false,"locales":[],"targetApplications":[{"id":"{ec8030f7-c20a-464f-9b0e-13a3a9e97384}","minVersion":"3.0","maxVersion":"48.0"}],"targetPlatforms":[{"os":"Darwin","abi":null},{"os":"SunOS","abi":null},{"os":"FreeBSD","abi":null},{"os":"OpenBSD","abi":null},{"os":"WINNT","abi":null},{"os":"Linux","abi":null}],"multiprocessCompatible":false,"signedState":0}
1529295883042	addons.xpi	DEBUG	getModTime: Recursive scan of fxdriver@googlecode.com
1529295883057	addons.xpi	DEBUG	Updating XPIState for {"id":"{972ce4c6-7e08-4474-a285-3208198ce6fd}","syncGUID":"CiJkWQ69nC1W","location":"app-global","version":"43.0.1","type":"theme","internalName":"classic/1.0","updateURL":null,"updateKey":null,"optionsURL":null,"optionsType":null,"aboutURL":null,"iconURL":null,"icon64URL":null,"defaultLocale":{"name":"Default","description":"The default theme.","creator":"Mozilla","homepageURL":null,"contributors":["Mozilla Contributors"]},"visible":true,"active":true,"userDisabled":false,"appDisabled":false,"descriptor":"C:\\Program Files (x86)\\Mozilla Firefox\\browser\\extensions\\{972ce4c6-7e08-4474-a285-3208198ce6fd}","installDate":1528865630939,"updateDate":1528865630939,"applyBackgroundUpdates":1,"skinnable":true,"size":24172,"sourceURI":null,"releaseNotesURI":null,"softDisabled":false,"foreignInstall":false,"hasBinaryComponents":false,"strictCompatibility":true,"locales":[],"targetApplications":[{"id":"{ec8030f7-c20a-464f-9b0e-13a3a9e97384}","minVersion":"43.0.1","maxVersion":"43.0.1"}],"targetPlatforms":[]}
1529295883058	addons.xpi	DEBUG	getModTime: Recursive scan of {972ce4c6-7e08-4474-a285-3208198ce6fd}
1529295883068	DeferredSave.extensions.json	DEBUG	Save changes
1529295883068	addons.xpi	DEBUG	Updating database with changes to installed add-ons
1529295883069	addons.xpi-utils	DEBUG	Updating add-on states
1529295883072	addons.xpi-utils	DEBUG	Writing add-ons list
1529295883123	addons.manager	DEBUG	Registering shutdown blocker for XPIProvider
1529295883124	addons.manager	DEBUG	Provider finished startup: XPIProvider
1529295883124	addons.manager	DEBUG	Starting provider: LightweightThemeManager
1529295883125	addons.manager	DEBUG	Registering shutdown blocker for LightweightThemeManager
1529295883126	addons.manager	DEBUG	Provider finished startup: LightweightThemeManager
1529295883128	addons.manager	DEBUG	Starting provider: GMPProvider
1529295883162	addons.manager	DEBUG	Registering shutdown blocker for GMPProvider
1529295883164	addons.manager	DEBUG	Provider finished startup: GMPProvider
1529295883164	addons.manager	DEBUG	Starting provider: PluginProvider
1529295883165	addons.manager	DEBUG	Registering shutdown blocker for PluginProvider
1529295883166	addons.manager	DEBUG	Provider finished startup: PluginProvider
1529295883167	addons.manager	DEBUG	Completed startup sequence
Crash Annotation GraphicsCriticalError: |[0][GFX1-]: Unexpected Intel/AMD dual-GPU setup[GFX1-]: Unexpected Intel/AMD dual-GPU setup
Crash Annotation GraphicsCriticalError: |[0][GFX1-]: Unexpected Intel/AMD dual-GPU setup|[1][GFX1-]: Unexpected Intel/AMD dual-GPU setup[GFX1-]: Unexpected Intel/AMD dual-GPU setup
1529295915562	addons.manager	DEBUG	Starting provider: <unnamed-provider>
1529295915562	addons.manager	DEBUG	Registering shutdown blocker for <unnamed-provider>
1529295915563	addons.manager	DEBUG	Provider finished startup: <unnamed-provider>

	at org.openqa.selenium.firefox.internal.NewProfileExtensionConnection.start(NewProfileExtensionConnection.java:112)
	... 31 more
]]>
    </failure>
  </testcase> <!-- @BeforeClass precondition -->
  <testcase name="@AfterClass postcondition" time="0.0" classname="in.eassignments_Test.TestEmployer_Post_Requirement_Exe">
    <skipped/>
  </testcase> <!-- @AfterClass postcondition -->
  <testcase name="E_log" time="0.019" classname="in.eassignments_Test.TestEmployer_Post_Requirement_Exe">
    <skipped/>
  </testcase> <!-- E_log -->
  <testcase name="post_requirement" time="0.007" classname="in.eassignments_Test.TestEmployer_Post_Requirement_Exe">
    <skipped/>
  </testcase> <!-- post_requirement -->
  <testcase name="view_reqmnt" time="0.005" classname="in.eassignments_Test.TestEmployer_Post_Requirement_Exe">
    <skipped/>
  </testcase> <!-- view_reqmnt -->
</testsuite> <!-- Default test -->
