<?xml version="1.0" encoding="UTF-8"?>
<testng-results skipped="3" failed="0" total="3" passed="0">
  <reporter-output>
  </reporter-output>
  <suite name="Default suite" duration-ms="67086" started-at="2018-06-18T04:24:15Z" finished-at="2018-06-18T04:25:22Z">
    <groups>
    </groups>
    <test name="Default test" duration-ms="67086" started-at="2018-06-18T04:24:15Z" finished-at="2018-06-18T04:25:22Z">
      <class name="in.eassignments_Test.TestEmployer_Post_Requirement_Exe">
        <test-method status="FAIL" signature="precondition()[pri:0, instance:in.eassignments_Test.TestEmployer_Post_Requirement_Exe@7c0e2abd]" name="precondition" is-config="true" duration-ms="0" started-at="2018-06-18T09:54:15Z" finished-at="2018-06-18T09:54:15Z">
          <exception class="org.openqa.selenium.WebDriverException">
            <message>
              <![CDATA[Failed to connect to binary FirefoxBinary(C:\Program Files (x86)\Mozilla Firefox\firefox.exe) on port 7055; process output follows: 
l,"updateURL":null,"updateKey":null,"optionsURL":null,"optionsType":null,"aboutURL":null,"iconURL":null,"icon64URL":null,"defaultLocale":{"name":"Firefox WebDriver","description":"WebDriver implementation for Firefox","creator":"Simon Stewart","homepageURL":null},"visible":true,"active":true,"userDisabled":false,"appDisabled":false,"descriptor":"C:\\Users\\Yogiii\\AppData\\Local\\Temp\\anonymous8788165735359011469webdriver-profile\\extensions\\fxdriver@googlecode.com","installDate":1529295872130,"updateDate":1529295872130,"applyBackgroundUpdates":1,"bootstrap":false,"size":3249525,"sourceURI":null,"releaseNotesURI":null,"softDisabled":false,"foreignInstall":true,"hasBinaryComponents":true,"strictCompatibility":false,"locales":[],"targetApplications":[{"id":"{ec8030f7-c20a-464f-9b0e-13a3a9e97384}","minVersion":"3.0","maxVersion":"48.0"}],"targetPlatforms":[{"os":"Darwin","abi":null},{"os":"SunOS","abi":null},{"os":"FreeBSD","abi":null},{"os":"OpenBSD","abi":null},{"os":"WINNT","abi":null},{"os":"Linux","abi":null}],"multiprocessCompatible":false,"signedState":0}
1529295883042	addons.xpi	DEBUG	getModTime: Recursive scan of fxdriver@googlecode.com
1529295883057	addons.xpi	DEBUG	Updating XPIState for {"id":"{972ce4c6-7e08-4474-a285-3208198ce6fd}","syncGUID":"CiJkWQ69nC1W","location":"app-global","version":"43.0.1","type":"theme","internalName":"classic/1.0","updateURL":null,"updateKey":null,"optionsURL":null,"optionsType":null,"aboutURL":null,"iconURL":null,"icon64URL":null,"defaultLocale":{"name":"Default","description":"The default theme.","creator":"Mozilla","homepageURL":null,"contributors":["Mozilla Contributors"]},"visible":true,"active":true,"userDisabled":false,"appDisabled":false,"descriptor":"C:\\Program Files (x86)\\Mozilla Firefox\\browser\\extensions\\{972ce4c6-7e08-4474-a285-3208198ce6fd}","installDate":1528865630939,"updateDate":1528865630939,"applyBackgroundUpdates":1,"skinnable":true,"size":24172,"sourceURI":null,"releaseNotesURI":null,"softDisabled":false,"foreignInstall":false,"hasBinaryComponents":false,"strictCompatibility":true,"locales":[],"targetApplications":[{"id":"{ec8030f7-c20a-464f-9b0e-13a3a9e97384}","minVersion":"43.0.1","maxVersion":"43.0.1"}],"targetPlatforms":[]}
1529295883058	addons.xpi	DEBUG	getModTime: Recursive scan of {972ce4c6-7e08-4474-a285-3208198ce6fd}
1529295883068	DeferredSave.extensions.json	DEBUG	Save changes
1529295883068	addons.xpi	DEBUG	Updating database with changes to installed add-ons
1529295883069	addons.xpi-utils	DEBUG	Updating add-on states
1529295883072	addons.xpi-utils	DEBUG	Writing add-ons list
1529295883123	addons.manager	DEBUG	Registering shutdown blocker for XPIProvider
1529295883124	addons.manager	DEBUG	Provider finished startup: XPIProvider
1529295883124	addons.manager	DEBUG	Starting provider: LightweightThemeManager
1529295883125	addons.manager	DEBUG	Registering shutdown blocker for LightweightThemeManager
1529295883126	addons.manager	DEBUG	Provider finished startup: LightweightThemeManager
1529295883128	addons.manager	DEBUG	Starting provider: GMPProvider
1529295883162	addons.manager	DEBUG	Registering shutdown blocker for GMPProvider
1529295883164	addons.manager	DEBUG	Provider finished startup: GMPProvider
1529295883164	addons.manager	DEBUG	Starting provider: PluginProvider
1529295883165	addons.manager	DEBUG	Registering shutdown blocker for PluginProvider
1529295883166	addons.manager	DEBUG	Provider finished startup: PluginProvider
1529295883167	addons.manager	DEBUG	Completed startup sequence
Crash Annotation GraphicsCriticalError: |[0][GFX1-]: Unexpected Intel/AMD dual-GPU setup[GFX1-]: Unexpected Intel/AMD dual-GPU setup
Crash Annotation GraphicsCriticalError: |[0][GFX1-]: Unexpected Intel/AMD dual-GPU setup|[1][GFX1-]: Unexpected Intel/AMD dual-GPU setup[GFX1-]: Unexpected Intel/AMD dual-GPU setup
1529295915562	addons.manager	DEBUG	Starting provider: <unnamed-provider>
1529295915562	addons.manager	DEBUG	Registering shutdown blocker for <unnamed-provider>
1529295915563	addons.manager	DEBUG	Provider finished startup: <unnamed-provider>

Build info: version: '2.53.1', revision: 'a36b8b1', time: '2016-06-30 17:37:03'
System info: host: 'YOGI', ip: '192.168.229.1', os.name: 'Windows 8.1', os.arch: 'amd64', os.version: '6.3', java.version: '1.8.0_152'
Driver info: driver.version: FirefoxDriver]]>
            </message>
            <full-stacktrace>
              <![CDATA[org.openqa.selenium.WebDriverException: Failed to connect to binary FirefoxBinary(C:\Program Files (x86)\Mozilla Firefox\firefox.exe) on port 7055; process output follows: 
l,"updateURL":null,"updateKey":null,"optionsURL":null,"optionsType":null,"aboutURL":null,"iconURL":null,"icon64URL":null,"defaultLocale":{"name":"Firefox WebDriver","description":"WebDriver implementation for Firefox","creator":"Simon Stewart","homepageURL":null},"visible":true,"active":true,"userDisabled":false,"appDisabled":false,"descriptor":"C:\\Users\\Yogiii\\AppData\\Local\\Temp\\anonymous8788165735359011469webdriver-profile\\extensions\\fxdriver@googlecode.com","installDate":1529295872130,"updateDate":1529295872130,"applyBackgroundUpdates":1,"bootstrap":false,"size":3249525,"sourceURI":null,"releaseNotesURI":null,"softDisabled":false,"foreignInstall":true,"hasBinaryComponents":true,"strictCompatibility":false,"locales":[],"targetApplications":[{"id":"{ec8030f7-c20a-464f-9b0e-13a3a9e97384}","minVersion":"3.0","maxVersion":"48.0"}],"targetPlatforms":[{"os":"Darwin","abi":null},{"os":"SunOS","abi":null},{"os":"FreeBSD","abi":null},{"os":"OpenBSD","abi":null},{"os":"WINNT","abi":null},{"os":"Linux","abi":null}],"multiprocessCompatible":false,"signedState":0}
1529295883042	addons.xpi	DEBUG	getModTime: Recursive scan of fxdriver@googlecode.com
1529295883057	addons.xpi	DEBUG	Updating XPIState for {"id":"{972ce4c6-7e08-4474-a285-3208198ce6fd}","syncGUID":"CiJkWQ69nC1W","location":"app-global","version":"43.0.1","type":"theme","internalName":"classic/1.0","updateURL":null,"updateKey":null,"optionsURL":null,"optionsType":null,"aboutURL":null,"iconURL":null,"icon64URL":null,"defaultLocale":{"name":"Default","description":"The default theme.","creator":"Mozilla","homepageURL":null,"contributors":["Mozilla Contributors"]},"visible":true,"active":true,"userDisabled":false,"appDisabled":false,"descriptor":"C:\\Program Files (x86)\\Mozilla Firefox\\browser\\extensions\\{972ce4c6-7e08-4474-a285-3208198ce6fd}","installDate":1528865630939,"updateDate":1528865630939,"applyBackgroundUpdates":1,"skinnable":true,"size":24172,"sourceURI":null,"releaseNotesURI":null,"softDisabled":false,"foreignInstall":false,"hasBinaryComponents":false,"strictCompatibility":true,"locales":[],"targetApplications":[{"id":"{ec8030f7-c20a-464f-9b0e-13a3a9e97384}","minVersion":"43.0.1","maxVersion":"43.0.1"}],"targetPlatforms":[]}
1529295883058	addons.xpi	DEBUG	getModTime: Recursive scan of {972ce4c6-7e08-4474-a285-3208198ce6fd}
1529295883068	DeferredSave.extensions.json	DEBUG	Save changes
1529295883068	addons.xpi	DEBUG	Updating database with changes to installed add-ons
1529295883069	addons.xpi-utils	DEBUG	Updating add-on states
1529295883072	addons.xpi-utils	DEBUG	Writing add-ons list
1529295883123	addons.manager	DEBUG	Registering shutdown blocker for XPIProvider
1529295883124	addons.manager	DEBUG	Provider finished startup: XPIProvider
1529295883124	addons.manager	DEBUG	Starting provider: LightweightThemeManager
1529295883125	addons.manager	DEBUG	Registering shutdown blocker for LightweightThemeManager
1529295883126	addons.manager	DEBUG	Provider finished startup: LightweightThemeManager
1529295883128	addons.manager	DEBUG	Starting provider: GMPProvider
1529295883162	addons.manager	DEBUG	Registering shutdown blocker for GMPProvider
1529295883164	addons.manager	DEBUG	Provider finished startup: GMPProvider
1529295883164	addons.manager	DEBUG	Starting provider: PluginProvider
1529295883165	addons.manager	DEBUG	Registering shutdown blocker for PluginProvider
1529295883166	addons.manager	DEBUG	Provider finished startup: PluginProvider
1529295883167	addons.manager	DEBUG	Completed startup sequence
Crash Annotation GraphicsCriticalError: |[0][GFX1-]: Unexpected Intel/AMD dual-GPU setup[GFX1-]: Unexpected Intel/AMD dual-GPU setup
Crash Annotation GraphicsCriticalError: |[0][GFX1-]: Unexpected Intel/AMD dual-GPU setup|[1][GFX1-]: Unexpected Intel/AMD dual-GPU setup[GFX1-]: Unexpected Intel/AMD dual-GPU setup
1529295915562	addons.manager	DEBUG	Starting provider: <unnamed-provider>
1529295915562	addons.manager	DEBUG	Registering shutdown blocker for <unnamed-provider>
1529295915563	addons.manager	DEBUG	Provider finished startup: <unnamed-provider>

Build info: version: '2.53.1', revision: 'a36b8b1', time: '2016-06-30 17:37:03'
System info: host: 'YOGI', ip: '192.168.229.1', os.name: 'Windows 8.1', os.arch: 'amd64', os.version: '6.3', java.version: '1.8.0_152'
Driver info: driver.version: FirefoxDriver
	at org.openqa.selenium.firefox.internal.NewProfileExtensionConnection.start(NewProfileExtensionConnection.java:124)
	at org.openqa.selenium.firefox.FirefoxDriver.startClient(FirefoxDriver.java:271)
	at org.openqa.selenium.remote.RemoteWebDriver.<init>(RemoteWebDriver.java:119)
	at org.openqa.selenium.firefox.FirefoxDriver.<init>(FirefoxDriver.java:218)
	at org.openqa.selenium.firefox.FirefoxDriver.<init>(FirefoxDriver.java:211)
	at org.openqa.selenium.firefox.FirefoxDriver.<init>(FirefoxDriver.java:207)
	at org.openqa.selenium.firefox.FirefoxDriver.<init>(FirefoxDriver.java:120)
	at in.eassignments_Test.SuperTestNG.precondition(SuperTestNG.java:23)
	at sun.reflect.NativeMethodAccessorImpl.invoke0(Native Method)
	at sun.reflect.NativeMethodAccessorImpl.invoke(Unknown Source)
	at sun.reflect.DelegatingMethodAccessorImpl.invoke(Unknown Source)
	at java.lang.reflect.Method.invoke(Unknown Source)
	at org.testng.internal.MethodInvocationHelper.invokeMethod(MethodInvocationHelper.java:85)
	at org.testng.internal.Invoker.invokeConfigurationMethod(Invoker.java:510)
	at org.testng.internal.Invoker.invokeConfigurations(Invoker.java:211)
	at org.testng.internal.Invoker.invokeConfigurations(Invoker.java:138)
	at org.testng.internal.TestMethodWorker.invokeBeforeClassMethods(TestMethodWorker.java:170)
	at org.testng.internal.TestMethodWorker.run(TestMethodWorker.java:104)
	at org.testng.TestRunner.privateRun(TestRunner.java:774)
	at org.testng.TestRunner.run(TestRunner.java:624)
	at org.testng.SuiteRunner.runTest(SuiteRunner.java:359)
	at org.testng.SuiteRunner.runSequentially(SuiteRunner.java:354)
	at org.testng.SuiteRunner.privateRun(SuiteRunner.java:312)
	at org.testng.SuiteRunner.run(SuiteRunner.java:261)
	at org.testng.SuiteRunnerWorker.runSuite(SuiteRunnerWorker.java:52)
	at org.testng.SuiteRunnerWorker.run(SuiteRunnerWorker.java:86)
	at org.testng.TestNG.runSuitesSequentially(TestNG.java:1215)
	at org.testng.TestNG.runSuitesLocally(TestNG.java:1140)
	at org.testng.TestNG.run(TestNG.java:1048)
	at org.testng.remote.AbstractRemoteTestNG.run(AbstractRemoteTestNG.java:114)
	at org.testng.remote.RemoteTestNG.initAndRun(RemoteTestNG.java:251)
	at org.testng.remote.RemoteTestNG.main(RemoteTestNG.java:77)
Caused by: org.openqa.selenium.firefox.NotConnectedException: Unable to connect to host 127.0.0.1 on port 7055 after 45000 ms. Firefox console output:
l,"updateURL":null,"updateKey":null,"optionsURL":null,"optionsType":null,"aboutURL":null,"iconURL":null,"icon64URL":null,"defaultLocale":{"name":"Firefox WebDriver","description":"WebDriver implementation for Firefox","creator":"Simon Stewart","homepageURL":null},"visible":true,"active":true,"userDisabled":false,"appDisabled":false,"descriptor":"C:\\Users\\Yogiii\\AppData\\Local\\Temp\\anonymous8788165735359011469webdriver-profile\\extensions\\fxdriver@googlecode.com","installDate":1529295872130,"updateDate":1529295872130,"applyBackgroundUpdates":1,"bootstrap":false,"size":3249525,"sourceURI":null,"releaseNotesURI":null,"softDisabled":false,"foreignInstall":true,"hasBinaryComponents":true,"strictCompatibility":false,"locales":[],"targetApplications":[{"id":"{ec8030f7-c20a-464f-9b0e-13a3a9e97384}","minVersion":"3.0","maxVersion":"48.0"}],"targetPlatforms":[{"os":"Darwin","abi":null},{"os":"SunOS","abi":null},{"os":"FreeBSD","abi":null},{"os":"OpenBSD","abi":null},{"os":"WINNT","abi":null},{"os":"Linux","abi":null}],"multiprocessCompatible":false,"signedState":0}
1529295883042	addons.xpi	DEBUG	getModTime: Recursive scan of fxdriver@googlecode.com
1529295883057	addons.xpi	DEBUG	Updating XPIState for {"id":"{972ce4c6-7e08-4474-a285-3208198ce6fd}","syncGUID":"CiJkWQ69nC1W","location":"app-global","version":"43.0.1","type":"theme","internalName":"classic/1.0","updateURL":null,"updateKey":null,"optionsURL":null,"optionsType":null,"aboutURL":null,"iconURL":null,"icon64URL":null,"defaultLocale":{"name":"Default","description":"The default theme.","creator":"Mozilla","homepageURL":null,"contributors":["Mozilla Contributors"]},"visible":true,"active":true,"userDisabled":false,"appDisabled":false,"descriptor":"C:\\Program Files (x86)\\Mozilla Firefox\\browser\\extensions\\{972ce4c6-7e08-4474-a285-3208198ce6fd}","installDate":1528865630939,"updateDate":1528865630939,"applyBackgroundUpdates":1,"skinnable":true,"size":24172,"sourceURI":null,"releaseNotesURI":null,"softDisabled":false,"foreignInstall":false,"hasBinaryComponents":false,"strictCompatibility":true,"locales":[],"targetApplications":[{"id":"{ec8030f7-c20a-464f-9b0e-13a3a9e97384}","minVersion":"43.0.1","maxVersion":"43.0.1"}],"targetPlatforms":[]}
1529295883058	addons.xpi	DEBUG	getModTime: Recursive scan of {972ce4c6-7e08-4474-a285-3208198ce6fd}
1529295883068	DeferredSave.extensions.json	DEBUG	Save changes
1529295883068	addons.xpi	DEBUG	Updating database with changes to installed add-ons
1529295883069	addons.xpi-utils	DEBUG	Updating add-on states
1529295883072	addons.xpi-utils	DEBUG	Writing add-ons list
1529295883123	addons.manager	DEBUG	Registering shutdown blocker for XPIProvider
1529295883124	addons.manager	DEBUG	Provider finished startup: XPIProvider
1529295883124	addons.manager	DEBUG	Starting provider: LightweightThemeManager
1529295883125	addons.manager	DEBUG	Registering shutdown blocker for LightweightThemeManager
1529295883126	addons.manager	DEBUG	Provider finished startup: LightweightThemeManager
1529295883128	addons.manager	DEBUG	Starting provider: GMPProvider
1529295883162	addons.manager	DEBUG	Registering shutdown blocker for GMPProvider
1529295883164	addons.manager	DEBUG	Provider finished startup: GMPProvider
1529295883164	addons.manager	DEBUG	Starting provider: PluginProvider
1529295883165	addons.manager	DEBUG	Registering shutdown blocker for PluginProvider
1529295883166	addons.manager	DEBUG	Provider finished startup: PluginProvider
1529295883167	addons.manager	DEBUG	Completed startup sequence
Crash Annotation GraphicsCriticalError: |[0][GFX1-]: Unexpected Intel/AMD dual-GPU setup[GFX1-]: Unexpected Intel/AMD dual-GPU setup
Crash Annotation GraphicsCriticalError: |[0][GFX1-]: Unexpected Intel/AMD dual-GPU setup|[1][GFX1-]: Unexpected Intel/AMD dual-GPU setup[GFX1-]: Unexpected Intel/AMD dual-GPU setup
1529295915562	addons.manager	DEBUG	Starting provider: <unnamed-provider>
1529295915562	addons.manager	DEBUG	Registering shutdown blocker for <unnamed-provider>
1529295915563	addons.manager	DEBUG	Provider finished startup: <unnamed-provider>

	at org.openqa.selenium.firefox.internal.NewProfileExtensionConnection.start(NewProfileExtensionConnection.java:112)
	... 31 more
]]>
            </full-stacktrace>
          </exception> <!-- org.openqa.selenium.WebDriverException -->
          <reporter-output>
          </reporter-output>
        </test-method> <!-- precondition -->
        <test-method status="SKIP" signature="E_log()[pri:1, instance:in.eassignments_Test.TestEmployer_Post_Requirement_Exe@7c0e2abd]" name="E_log" duration-ms="19" started-at="2018-06-18T09:55:21Z" finished-at="2018-06-18T09:55:21Z">
          <reporter-output>
          </reporter-output>
        </test-method> <!-- E_log -->
        <test-method status="SKIP" signature="post_requirement(java.lang.String, java.lang.String, java.lang.String, java.lang.String, java.lang.String, java.lang.String, java.lang.String, java.lang.String)[pri:2, instance:in.eassignments_Test.TestEmployer_Post_Requirement_Exe@7c0e2abd]" name="post_requirement" duration-ms="7" started-at="2018-06-18T09:55:22Z" data-provider="Post-requirement" finished-at="2018-06-18T09:55:22Z">
          <params>
            <param index="0">
              <value>
                <![CDATA[Mumbai]]>
              </value>
            </param>
            <param index="1">
              <value>
                <![CDATA[Tax Audit]]>
              </value>
            </param>
            <param index="2">
              <value>
                <![CDATA[This is etds assignment ]]>
              </value>
            </param>
            <param index="3">
              <value>
                <![CDATA[one]]>
              </value>
            </param>
            <param index="4">
              <value>
                <![CDATA[7]]>
              </value>
            </param>
            <param index="5">
              <value>
                <![CDATA[2019]]>
              </value>
            </param>
            <param index="6">
              <value>
                <![CDATA[8]]>
              </value>
            </param>
            <param index="7">
              <value>
                <![CDATA[2020]]>
              </value>
            </param>
          </params>
          <reporter-output>
          </reporter-output>
        </test-method> <!-- post_requirement -->
        <test-method status="SKIP" signature="view_reqmnt()[pri:3, instance:in.eassignments_Test.TestEmployer_Post_Requirement_Exe@7c0e2abd]" name="view_reqmnt" duration-ms="5" started-at="2018-06-18T09:55:22Z" finished-at="2018-06-18T09:55:22Z">
          <reporter-output>
          </reporter-output>
        </test-method> <!-- view_reqmnt -->
        <test-method status="SKIP" signature="postcondition()[pri:0, instance:in.eassignments_Test.TestEmployer_Post_Requirement_Exe@7c0e2abd]" name="postcondition" is-config="true" duration-ms="0" started-at="2018-06-18T09:55:22Z" finished-at="2018-06-18T09:55:22Z">
          <reporter-output>
          </reporter-output>
        </test-method> <!-- postcondition -->
      </class> <!-- in.eassignments_Test.TestEmployer_Post_Requirement_Exe -->
    </test> <!-- Default test -->
  </suite> <!-- Default suite -->
</testng-results>
